2025-09-02 13:53:26.970 | INFO     | logger:log_workflow:11 - [WorkflowID: 8ca000ba-8c30-467d-a22e-b9c81dd5fe8c] Workflow started
2025-09-02 13:53:26.970 | INFO     | logger:log_workflow:11 - [WorkflowID: 8ca000ba-8c30-467d-a22e-b9c81dd5fe8c] Activity: Fetching data
2025-09-02 13:53:27.971 | INFO     | logger:log_workflow:11 - [WorkflowID: 8ca000ba-8c30-467d-a22e-b9c81dd5fe8c] Activity: Processing data [1, 2, 3]
2025-09-02 13:53:28.972 | INFO     | logger:log_workflow:11 - [WorkflowID: 8ca000ba-8c30-467d-a22e-b9c81dd5fe8c] Workflow result: [2, 4, 6]
2025-09-02 13:53:28.973 | INFO     | logger:log_workflow:11 - [WorkflowID: 8ca000ba-8c30-467d-a22e-b9c81dd5fe8c] Workflow completed
2025-09-02 15:53:14.392 | INFO     | logger:log_workflow:11 - [WorkflowID: 5dc11f27-1c88-4e7b-bdb2-e4c29897ccde] Workflow started
2025-09-02 15:53:14.393 | INFO     | logger:log_workflow:11 - [WorkflowID: 5dc11f27-1c88-4e7b-bdb2-e4c29897ccde] Activity: Fetching data
2025-09-02 15:53:15.394 | INFO     | logger:log_workflow:11 - [WorkflowID: 5dc11f27-1c88-4e7b-bdb2-e4c29897ccde] Activity: Processing data [1, 2, 3]
2025-09-02 15:53:16.396 | INFO     | logger:log_workflow:11 - [WorkflowID: 5dc11f27-1c88-4e7b-bdb2-e4c29897ccde] Workflow result: [2, 4, 6]
2025-09-02 15:53:16.397 | INFO     | logger:log_workflow:11 - [WorkflowID: 5dc11f27-1c88-4e7b-bdb2-e4c29897ccde] Workflow completed
2025-09-02 15:54:29.339 | INFO     | logger:log_workflow:11 - [WorkflowID: fe974bd4-80cc-474a-a1b5-22bfd1be0737] Workflow started
2025-09-02 15:54:29.339 | INFO     | logger:log_workflow:11 - [WorkflowID: fe974bd4-80cc-474a-a1b5-22bfd1be0737] Activity: Fetching data
2025-09-02 15:54:30.341 | INFO     | logger:log_workflow:11 - [WorkflowID: fe974bd4-80cc-474a-a1b5-22bfd1be0737] Activity: Processing data [1, 2, 3]
2025-09-02 15:54:31.342 | INFO     | logger:log_workflow:11 - [WorkflowID: fe974bd4-80cc-474a-a1b5-22bfd1be0737] Workflow result: [2, 4, 6]
2025-09-02 15:54:31.343 | INFO     | logger:log_workflow:11 - [WorkflowID: fe974bd4-80cc-474a-a1b5-22bfd1be0737] Workflow completed
2025-09-02 15:55:45.924 | INFO     | logger:log_workflow:11 - [WorkflowID: bbf732ed-22d5-4cee-b41b-f9155e11fadd] Workflow started
2025-09-02 15:55:45.924 | INFO     | logger:log_workflow:11 - [WorkflowID: bbf732ed-22d5-4cee-b41b-f9155e11fadd] Activity: Fetching data
2025-09-02 15:55:46.925 | INFO     | logger:log_workflow:11 - [WorkflowID: bbf732ed-22d5-4cee-b41b-f9155e11fadd] Activity: Processing data [1, 2, 3]
2025-09-02 15:55:47.927 | INFO     | logger:log_workflow:11 - [WorkflowID: bbf732ed-22d5-4cee-b41b-f9155e11fadd] Workflow result: [2, 4, 6]
2025-09-02 15:55:47.928 | INFO     | logger:log_workflow:11 - [WorkflowID: bbf732ed-22d5-4cee-b41b-f9155e11fadd] Workflow completed
